Arguments: 
  /usr/local/bin/node /Users/agunbuhori/.yarn/bin/yarn.js add sulla-hotfix

PATH: 
  /Users/agunbuhori/.sdkman/candidates/gradle/current/bin:/Users/agunbuhori/.yarn/bin:/Users/agunbuhori/.config/yarn/global/node_modules/.bin:/usr/local/bin:/usr/bin:/bin:/usr/sbin:/sbin:/usr/local/go/bin

Yarn version: 
  1.19.2

Node version: 
  12.10.0

Platform: 
  darwin x64

Trace: 
  Error: https://registry.yarnpkg.com/ow/-/ow-0.4.0.tgz: ENOSPC: no space left on device, write

npm manifest: 
  {
    "name": "tslwa",
    "version": "1.0.0",
    "main": "index.js",
    "author": "agunbuhori",
    "license": "MIT"
  }

yarn manifest: 
  No manifest

Lockfile: 
  No lockfile
